[14:04:27] [14:04:26] Created a temporary folder for file contents /var/folders/5t/cv0fsqx53h50k5v8jylwxnpm0000gn/T/smithy-lsp4217118065321063229
[14:04:27] [14:04:26] [WorkspaceFolder [
  uri = "file:///Users/arnaud/Dev/cnd/wasm/demo-wasmcloud/shared-shared/shared-bucket"
  name = "shared-bucket"
]]
[14:04:27] [14:04:26] Recreating project from /Users/arnaud/Dev/cnd/wasm/demo-wasmcloud/shared-shared/shared-bucket
[14:04:27] [14:04:26] Imports from config: [/Users/arnaud/Dev/cnd/wasm/demo-wasmcloud/shared-shared/shared-bucket] will be resolved against root /Users/arnaud/Dev/cnd/wasm/demo-wasmcloud/shared-shared/shared-bucket
[14:04:27] [14:04:26] Discovered smithy files: [/Users/arnaud/Dev/cnd/wasm/demo-wasmcloud/shared-shared/shared-bucket/interfaces/shared-bucket/customers.smithy, /Users/arnaud/Dev/cnd/wasm/demo-wasmcloud/shared-shared/shared-bucket/interfaces/shared-bucket/shared-bucket.smithy, /Users/arnaud/Dev/cnd/wasm/demo-wasmcloud/shared-shared/shared-bucket/interfaces/shared-bucket/service-vendors.smithy]
[14:04:27] [14:04:26] Downloading external dependencies for SmithyBuildExtensions(repositories = [], artifacts = [], imports = [])
[14:04:27] [14:04:27] Downloaded external jars: []
[14:04:27] [14:04:27] [ERROR] com.orange.sharedbucket#CustomerGroups: Unable to resolve trait `org.wasmcloud.model#wasmbus`. If this is a custom trait, then it must be defined before it can be used in a model. | Model /Users/arnaud/Dev/cnd/wasm/demo-wasmcloud/shared-shared/shared-bucket/interfaces/shared-bucket/customers.smithy:44:11
[14:04:27] [14:04:27] [ERROR] com.orange.sharedbucket#ServiceVendors: Unable to resolve trait `org.wasmcloud.model#wasmbus`. If this is a custom trait, then it must be defined before it can be used in a model. | Model /Users/arnaud/Dev/cnd/wasm/demo-wasmcloud/shared-shared/shared-bucket/interfaces/shared-bucket/service-vendors.smithy:5:11
[14:04:27] [14:04:27] [ERROR] com.orange.sharedbucket#Customers: Unable to resolve trait `org.wasmcloud.model#wasmbus`. If this is a custom trait, then it must be defined before it can be used in a model. | Model /Users/arnaud/Dev/cnd/wasm/demo-wasmcloud/shared-shared/shared-bucket/interfaces/shared-bucket/customers.smithy:5:11
[14:04:27] Recreating project from /Users/arnaud/Dev/cnd/wasm/demo-wasmcloud/shared-shared/shared-bucket
[14:04:27] Imports from config: [/Users/arnaud/Dev/cnd/wasm/demo-wasmcloud/shared-shared/shared-bucket] will be resolved against root /Users/arnaud/Dev/cnd/wasm/demo-wasmcloud/shared-shared/shared-bucket
[14:04:27] Discovered smithy files: [/Users/arnaud/Dev/cnd/wasm/demo-wasmcloud/shared-shared/shared-bucket/interfaces/shared-bucket/customers.smithy, /Users/arnaud/Dev/cnd/wasm/demo-wasmcloud/shared-shared/shared-bucket/interfaces/shared-bucket/shared-bucket.smithy, /Users/arnaud/Dev/cnd/wasm/demo-wasmcloud/shared-shared/shared-bucket/interfaces/shared-bucket/service-vendors.smithy]
[14:04:27] Downloading external dependencies for SmithyBuildExtensions(repositories = [], artifacts = [], imports = [])
[14:04:27] Downloaded external jars: []
[14:04:27] [ERROR] com.orange.sharedbucket#CustomerGroups: Unable to resolve trait `org.wasmcloud.model#wasmbus`. If this is a custom trait, then it must be defined before it can be used in a model. | Model /Users/arnaud/Dev/cnd/wasm/demo-wasmcloud/shared-shared/shared-bucket/interfaces/shared-bucket/customers.smithy:44:11
[14:04:27] [ERROR] com.orange.sharedbucket#ServiceVendors: Unable to resolve trait `org.wasmcloud.model#wasmbus`. If this is a custom trait, then it must be defined before it can be used in a model. | Model /Users/arnaud/Dev/cnd/wasm/demo-wasmcloud/shared-shared/shared-bucket/interfaces/shared-bucket/service-vendors.smithy:5:11
[14:04:27] [ERROR] com.orange.sharedbucket#Customers: Unable to resolve trait `org.wasmcloud.model#wasmbus`. If this is a custom trait, then it must be defined before it can be used in a model. | Model /Users/arnaud/Dev/cnd/wasm/demo-wasmcloud/shared-shared/shared-bucket/interfaces/shared-bucket/customers.smithy:5:11
[14:04:27] [ERROR] com.orange.sharedbucket#CustomerGroups: Unable to resolve trait `org.wasmcloud.model#wasmbus`. If this is a custom trait, then it must be defined before it can be used in a model. | Model /Users/arnaud/Dev/cnd/wasm/demo-wasmcloud/shared-shared/shared-bucket/interfaces/shared-bucket/customers.smithy:44:11
[14:04:27] [ERROR] com.orange.sharedbucket#ServiceVendors: Unable to resolve trait `org.wasmcloud.model#wasmbus`. If this is a custom trait, then it must be defined before it can be used in a model. | Model /Users/arnaud/Dev/cnd/wasm/demo-wasmcloud/shared-shared/shared-bucket/interfaces/shared-bucket/service-vendors.smithy:5:11
[14:04:27] [ERROR] com.orange.sharedbucket#Customers: Unable to resolve trait `org.wasmcloud.model#wasmbus`. If this is a custom trait, then it must be defined before it can be used in a model. | Model /Users/arnaud/Dev/cnd/wasm/demo-wasmcloud/shared-shared/shared-bucket/interfaces/shared-bucket/customers.smithy:5:11
[14:04:27] Recompiling /Users/arnaud/Dev/cnd/wasm/demo-wasmcloud/shared-shared/shared-bucket/interfaces/shared-bucket/customers.smithy (with temporary content Optional.empty) raised 3  diagnostics
[14:05:59] [ERROR] com.orange.sharedbucket#CustomerGroups: Unable to resolve trait `org.wasmcloud.model#wasmbus`. If this is a custom trait, then it must be defined before it can be used in a model. | Model /Users/arnaud/Dev/cnd/wasm/demo-wasmcloud/shared-shared/shared-bucket/interfaces/shared-bucket/customers.smithy:44:11
[14:05:59] [ERROR] com.orange.sharedbucket#ServiceVendors: Unable to resolve trait `org.wasmcloud.model#wasmbus`. If this is a custom trait, then it must be defined before it can be used in a model. | Model /Users/arnaud/Dev/cnd/wasm/demo-wasmcloud/shared-shared/shared-bucket/interfaces/shared-bucket/service-vendors.smithy:5:11
[14:05:59] [ERROR] com.orange.sharedbucket#Customers: Unable to resolve trait `org.wasmcloud.model#wasmbus`. If this is a custom trait, then it must be defined before it can be used in a model. | Model /Users/arnaud/Dev/cnd/wasm/demo-wasmcloud/shared-shared/shared-bucket/interfaces/shared-bucket/customers.smithy:5:11
[14:05:59] Recompiling /Users/arnaud/Dev/cnd/wasm/demo-wasmcloud/shared-shared/shared-bucket/interfaces/shared-bucket/customers.smithy (with temporary content Optional.empty) raised 3  diagnostics
[14:11:09] [ERROR] com.orange.sharedbucket#CustomerGroups: Unable to resolve trait `org.wasmcloud.model#wasmbus`. If this is a custom trait, then it must be defined before it can be used in a model. | Model /Users/arnaud/Dev/cnd/wasm/demo-wasmcloud/shared-shared/shared-bucket/interfaces/shared-bucket/customers.smithy:44:11
[14:11:09] [ERROR] com.orange.sharedbucket#ServiceVendors: Unable to resolve trait `org.wasmcloud.model#wasmbus`. If this is a custom trait, then it must be defined before it can be used in a model. | Model /Users/arnaud/Dev/cnd/wasm/demo-wasmcloud/shared-shared/shared-bucket/interfaces/shared-bucket/service-vendors.smithy:5:11
[14:11:09] [ERROR] com.orange.sharedbucket#Customers: Unable to resolve trait `org.wasmcloud.model#wasmbus`. If this is a custom trait, then it must be defined before it can be used in a model. | Model /Users/arnaud/Dev/cnd/wasm/demo-wasmcloud/shared-shared/shared-bucket/interfaces/shared-bucket/customers.smithy:5:11
[14:11:09] Recompiling /Users/arnaud/Dev/cnd/wasm/demo-wasmcloud/shared-shared/shared-bucket/interfaces/shared-bucket/shared-bucket.smithy (with temporary content Optional.empty) raised 3  diagnostics
[14:11:16] [ERROR] com.orange.sharedbucket#CustomerGroups: Unable to resolve trait `org.wasmcloud.model#wasmbus`. If this is a custom trait, then it must be defined before it can be used in a model. | Model /Users/arnaud/Dev/cnd/wasm/demo-wasmcloud/shared-shared/shared-bucket/interfaces/shared-bucket/customers.smithy:44:11
[14:11:16] [ERROR] com.orange.sharedbucket#ServiceVendors: Unable to resolve trait `org.wasmcloud.model#wasmbus`. If this is a custom trait, then it must be defined before it can be used in a model. | Model /Users/arnaud/Dev/cnd/wasm/demo-wasmcloud/shared-shared/shared-bucket/interfaces/shared-bucket/service-vendors.smithy:5:11
[14:11:16] [ERROR] com.orange.sharedbucket#Customers: Unable to resolve trait `org.wasmcloud.model#wasmbus`. If this is a custom trait, then it must be defined before it can be used in a model. | Model /Users/arnaud/Dev/cnd/wasm/demo-wasmcloud/shared-shared/shared-bucket/interfaces/shared-bucket/customers.smithy:5:11
[14:11:16] Recompiling /Users/arnaud/Dev/cnd/wasm/demo-wasmcloud/shared-shared/shared-bucket/interfaces/shared-bucket/shared-bucket.smithy (with temporary content Optional.empty) raised 3  diagnostics
[14:11:16] [ERROR] com.orange.sharedbucket#CustomerGroups: Unable to resolve trait `org.wasmcloud.model#wasmbus`. If this is a custom trait, then it must be defined before it can be used in a model. | Model /Users/arnaud/Dev/cnd/wasm/demo-wasmcloud/shared-shared/shared-bucket/interfaces/shared-bucket/customers.smithy:44:11
[14:11:16] [ERROR] com.orange.sharedbucket#ServiceVendors: Unable to resolve trait `org.wasmcloud.model#wasmbus`. If this is a custom trait, then it must be defined before it can be used in a model. | Model /Users/arnaud/Dev/cnd/wasm/demo-wasmcloud/shared-shared/shared-bucket/interfaces/shared-bucket/service-vendors.smithy:5:11
[14:11:16] [ERROR] com.orange.sharedbucket#Customers: Unable to resolve trait `org.wasmcloud.model#wasmbus`. If this is a custom trait, then it must be defined before it can be used in a model. | Model /Users/arnaud/Dev/cnd/wasm/demo-wasmcloud/shared-shared/shared-bucket/interfaces/shared-bucket/customers.smithy:5:11
[14:11:16] Recompiling /Users/arnaud/Dev/cnd/wasm/demo-wasmcloud/shared-shared/shared-bucket/interfaces/shared-bucket/service-vendors.smithy (with temporary content Optional.empty) raised 3  diagnostics
[14:12:01] [ERROR] com.orange.sharedbucket#CustomerGroups: Unable to resolve trait `org.wasmcloud.model#wasmbus`. If this is a custom trait, then it must be defined before it can be used in a model. | Model /Users/arnaud/Dev/cnd/wasm/demo-wasmcloud/shared-shared/shared-bucket/interfaces/shared-bucket/customers.smithy:44:11
[14:12:01] [ERROR] com.orange.sharedbucket#ServiceVendors: Unable to resolve trait `org.wasmcloud.model#wasmbus`. If this is a custom trait, then it must be defined before it can be used in a model. | Model /Users/arnaud/Dev/cnd/wasm/demo-wasmcloud/shared-shared/shared-bucket/interfaces/shared-bucket/service-vendors.smithy:5:11
[14:12:01] [ERROR] com.orange.sharedbucket#Customers: Unable to resolve trait `org.wasmcloud.model#wasmbus`. If this is a custom trait, then it must be defined before it can be used in a model. | Model /Users/arnaud/Dev/cnd/wasm/demo-wasmcloud/shared-shared/shared-bucket/interfaces/shared-bucket/customers.smithy:5:11
[14:12:01] Recompiling /Users/arnaud/Dev/cnd/wasm/demo-wasmcloud/shared-shared/shared-bucket/interfaces/shared-bucket/service-vendors.smithy (with temporary content Optional.empty) raised 3  diagnostics
